20230814	18:50:16	27953e72-89e3-438e-b952-518ce7c368c4	RangeError: Invalid status code: 10	POST	/users	undefined
20230814	18:55:51	1a26c3da-42ed-44db-8827-c2c1e3f2742b	RangeError: Invalid status code: 10	POST	/users	undefined
20230814	18:57:51	4f5cbe98-7077-4998-8386-22fc68b13932	RangeError: Invalid status code: 10	POST	/users	undefined
20230814	18:58:10	67875bf6-6f84-4e3f-9f75-f7da6997c146	RangeError: Invalid status code: 10	POST	/users	undefined
20230814	19:04:39	25e21c89-4985-4bbe-b35a-0c2510b1181d	PayloadTooLargeError: request entity too large	POST	/users	undefined
20230814	19:15:47	97fcded4-0a59-4a35-bd18-c2f1368be5df	TypeError: Event.create is not a function	POST	/events	undefined
20230815	18:54:34	684631b5-6ff9-4934-b5fa-c0d5ffc2f1e8	ValidationError: Event validation failed: data: Path `data` is required.	POST	/events	undefined
20230816	12:11:20	cfa61ebd-d03f-4dbd-836a-3c549c16137f	MongooseServerSelectionError: Could not connect to any servers in your MongoDB Atlas cluster. One common reason is that you're trying to access the database from an IP that isn't whitelisted. Make sure your current IP address is on your Atlas cluster's IP whitelist: https://www.mongodb.com/docs/atlas/security-whitelist/	GET	/comments	http://localhost:3000
20230816	12:11:20	cfdf9e0c-c62c-4030-b5da-f22bbad02d6a	MongooseServerSelectionError: Could not connect to any servers in your MongoDB Atlas cluster. One common reason is that you're trying to access the database from an IP that isn't whitelisted. Make sure your current IP address is on your Atlas cluster's IP whitelist: https://www.mongodb.com/docs/atlas/security-whitelist/	GET	/events	http://localhost:3000
20230816	12:11:20	bee19ab8-3e99-45c9-baf3-6d1fb7847ed4	MongooseServerSelectionError: Could not connect to any servers in your MongoDB Atlas cluster. One common reason is that you're trying to access the database from an IP that isn't whitelisted. Make sure your current IP address is on your Atlas cluster's IP whitelist: https://www.mongodb.com/docs/atlas/security-whitelist/	GET	/users	http://localhost:3000
20230816	12:12:51	8e7dd7e2-8af1-4651-8950-5cf98a49bff0	MongooseServerSelectionError: Could not connect to any servers in your MongoDB Atlas cluster. One common reason is that you're trying to access the database from an IP that isn't whitelisted. Make sure your current IP address is on your Atlas cluster's IP whitelist: https://www.mongodb.com/docs/atlas/security-whitelist/	GET	/events	http://localhost:3000
20230816	12:12:51	28a60dcf-4bca-4717-b73e-d2757f296c83	MongooseServerSelectionError: Could not connect to any servers in your MongoDB Atlas cluster. One common reason is that you're trying to access the database from an IP that isn't whitelisted. Make sure your current IP address is on your Atlas cluster's IP whitelist: https://www.mongodb.com/docs/atlas/security-whitelist/	GET	/users	http://localhost:3000
20230816	12:12:51	3a93826a-674f-46e3-9085-94303f21ac23	MongooseServerSelectionError: Could not connect to any servers in your MongoDB Atlas cluster. One common reason is that you're trying to access the database from an IP that isn't whitelisted. Make sure your current IP address is on your Atlas cluster's IP whitelist: https://www.mongodb.com/docs/atlas/security-whitelist/	GET	/comments	http://localhost:3000
20230816	12:14:22	c141ddaa-5d65-4075-8d7e-b935f8de010d	MongooseServerSelectionError: Could not connect to any servers in your MongoDB Atlas cluster. One common reason is that you're trying to access the database from an IP that isn't whitelisted. Make sure your current IP address is on your Atlas cluster's IP whitelist: https://www.mongodb.com/docs/atlas/security-whitelist/	GET	/events	http://localhost:3000
20230816	12:14:22	a081e884-ebbc-40b0-8628-7d87122ddd58	MongooseServerSelectionError: Could not connect to any servers in your MongoDB Atlas cluster. One common reason is that you're trying to access the database from an IP that isn't whitelisted. Make sure your current IP address is on your Atlas cluster's IP whitelist: https://www.mongodb.com/docs/atlas/security-whitelist/	GET	/users	http://localhost:3000
20230816	12:14:22	890bebbf-5c98-4894-b3f3-73ae99b963be	MongooseServerSelectionError: Could not connect to any servers in your MongoDB Atlas cluster. One common reason is that you're trying to access the database from an IP that isn't whitelisted. Make sure your current IP address is on your Atlas cluster's IP whitelist: https://www.mongodb.com/docs/atlas/security-whitelist/	GET	/comments	http://localhost:3000
20230816	12:15:53	a3016c17-bb3a-4926-8a09-99c21ba15d6f	MongooseServerSelectionError: Could not connect to any servers in your MongoDB Atlas cluster. One common reason is that you're trying to access the database from an IP that isn't whitelisted. Make sure your current IP address is on your Atlas cluster's IP whitelist: https://www.mongodb.com/docs/atlas/security-whitelist/	GET	/events	http://localhost:3000
20230816	12:15:53	b2d1a3b5-a0ac-43bc-8441-d67217e0b2fe	MongooseServerSelectionError: Could not connect to any servers in your MongoDB Atlas cluster. One common reason is that you're trying to access the database from an IP that isn't whitelisted. Make sure your current IP address is on your Atlas cluster's IP whitelist: https://www.mongodb.com/docs/atlas/security-whitelist/	GET	/users	http://localhost:3000
20230816	12:15:53	e23c4d7c-0174-4aaf-86cf-4ca9f5340f88	MongooseServerSelectionError: Could not connect to any servers in your MongoDB Atlas cluster. One common reason is that you're trying to access the database from an IP that isn't whitelisted. Make sure your current IP address is on your Atlas cluster's IP whitelist: https://www.mongodb.com/docs/atlas/security-whitelist/	GET	/comments	http://localhost:3000
20230816	12:17:24	174617ec-af05-419d-a151-ebce0097b25e	MongooseServerSelectionError: Could not connect to any servers in your MongoDB Atlas cluster. One common reason is that you're trying to access the database from an IP that isn't whitelisted. Make sure your current IP address is on your Atlas cluster's IP whitelist: https://www.mongodb.com/docs/atlas/security-whitelist/	GET	/events	http://localhost:3000
20230816	12:17:24	41729b37-2f57-46bd-aa56-dd34634e3e70	MongooseServerSelectionError: Could not connect to any servers in your MongoDB Atlas cluster. One common reason is that you're trying to access the database from an IP that isn't whitelisted. Make sure your current IP address is on your Atlas cluster's IP whitelist: https://www.mongodb.com/docs/atlas/security-whitelist/	GET	/users	http://localhost:3000
20230816	12:17:24	8aa3780b-0cee-45ed-a999-4b857ae816bd	MongooseServerSelectionError: Could not connect to any servers in your MongoDB Atlas cluster. One common reason is that you're trying to access the database from an IP that isn't whitelisted. Make sure your current IP address is on your Atlas cluster's IP whitelist: https://www.mongodb.com/docs/atlas/security-whitelist/	GET	/comments	http://localhost:3000
20230816	12:18:55	bb477922-416f-44ef-86f0-3e8879419cdb	MongooseServerSelectionError: Could not connect to any servers in your MongoDB Atlas cluster. One common reason is that you're trying to access the database from an IP that isn't whitelisted. Make sure your current IP address is on your Atlas cluster's IP whitelist: https://www.mongodb.com/docs/atlas/security-whitelist/	GET	/events	http://localhost:3000
20230816	12:18:55	72929842-ee49-4020-a805-60dbbd05d112	MongooseServerSelectionError: Could not connect to any servers in your MongoDB Atlas cluster. One common reason is that you're trying to access the database from an IP that isn't whitelisted. Make sure your current IP address is on your Atlas cluster's IP whitelist: https://www.mongodb.com/docs/atlas/security-whitelist/	GET	/comments	http://localhost:3000
20230816	12:18:55	6f866e90-052e-4989-8a7a-49592a0bd269	MongooseServerSelectionError: Could not connect to any servers in your MongoDB Atlas cluster. One common reason is that you're trying to access the database from an IP that isn't whitelisted. Make sure your current IP address is on your Atlas cluster's IP whitelist: https://www.mongodb.com/docs/atlas/security-whitelist/	GET	/users	http://localhost:3000
20230816	12:20:26	94ed29f1-b60d-48d7-b749-fece84ff9b50	MongooseServerSelectionError: Could not connect to any servers in your MongoDB Atlas cluster. One common reason is that you're trying to access the database from an IP that isn't whitelisted. Make sure your current IP address is on your Atlas cluster's IP whitelist: https://www.mongodb.com/docs/atlas/security-whitelist/	GET	/events	http://localhost:3000
20230816	12:20:26	967bc23a-26e4-41d7-9159-6ce92dfc1002	MongooseServerSelectionError: Could not connect to any servers in your MongoDB Atlas cluster. One common reason is that you're trying to access the database from an IP that isn't whitelisted. Make sure your current IP address is on your Atlas cluster's IP whitelist: https://www.mongodb.com/docs/atlas/security-whitelist/	GET	/users	http://localhost:3000
20230816	12:20:26	8bc09f6a-74a4-4e42-b1b3-0bb09d438836	MongooseServerSelectionError: Could not connect to any servers in your MongoDB Atlas cluster. One common reason is that you're trying to access the database from an IP that isn't whitelisted. Make sure your current IP address is on your Atlas cluster's IP whitelist: https://www.mongodb.com/docs/atlas/security-whitelist/	GET	/comments	http://localhost:3000
20230816	12:21:57	58b0b1e7-21f5-4c52-8621-442e4494e3ab	MongooseServerSelectionError: Could not connect to any servers in your MongoDB Atlas cluster. One common reason is that you're trying to access the database from an IP that isn't whitelisted. Make sure your current IP address is on your Atlas cluster's IP whitelist: https://www.mongodb.com/docs/atlas/security-whitelist/	GET	/events	http://localhost:3000
20230816	12:21:57	c29b9118-a77e-4d33-abbb-6d4b50487ceb	MongooseServerSelectionError: Could not connect to any servers in your MongoDB Atlas cluster. One common reason is that you're trying to access the database from an IP that isn't whitelisted. Make sure your current IP address is on your Atlas cluster's IP whitelist: https://www.mongodb.com/docs/atlas/security-whitelist/	GET	/users	http://localhost:3000
20230816	12:21:57	c8cd6e13-d2a3-414a-9677-6ce3a82175ee	MongooseServerSelectionError: Could not connect to any servers in your MongoDB Atlas cluster. One common reason is that you're trying to access the database from an IP that isn't whitelisted. Make sure your current IP address is on your Atlas cluster's IP whitelist: https://www.mongodb.com/docs/atlas/security-whitelist/	GET	/comments	http://localhost:3000
20230816	12:23:28	0a4e5a97-28ea-463c-be18-c3af491b644e	MongooseServerSelectionError: Could not connect to any servers in your MongoDB Atlas cluster. One common reason is that you're trying to access the database from an IP that isn't whitelisted. Make sure your current IP address is on your Atlas cluster's IP whitelist: https://www.mongodb.com/docs/atlas/security-whitelist/	GET	/events	http://localhost:3000
20230816	12:23:28	1e3d2fa4-25e7-41a8-bf99-44f3e600a905	MongooseServerSelectionError: Could not connect to any servers in your MongoDB Atlas cluster. One common reason is that you're trying to access the database from an IP that isn't whitelisted. Make sure your current IP address is on your Atlas cluster's IP whitelist: https://www.mongodb.com/docs/atlas/security-whitelist/	GET	/comments	http://localhost:3000
20230816	12:23:28	486e69b3-dd2f-450a-8830-70dc7431b7cc	MongooseServerSelectionError: Could not connect to any servers in your MongoDB Atlas cluster. One common reason is that you're trying to access the database from an IP that isn't whitelisted. Make sure your current IP address is on your Atlas cluster's IP whitelist: https://www.mongodb.com/docs/atlas/security-whitelist/	GET	/users	http://localhost:3000
20230816	12:25:00	b2b264f5-05ba-42fc-b036-74380983df18	MongooseServerSelectionError: Could not connect to any servers in your MongoDB Atlas cluster. One common reason is that you're trying to access the database from an IP that isn't whitelisted. Make sure your current IP address is on your Atlas cluster's IP whitelist: https://www.mongodb.com/docs/atlas/security-whitelist/	GET	/users	http://localhost:3000
20230816	12:25:00	2b94fd9c-2e78-43ff-bda7-c7505b1e4156	MongooseServerSelectionError: Could not connect to any servers in your MongoDB Atlas cluster. One common reason is that you're trying to access the database from an IP that isn't whitelisted. Make sure your current IP address is on your Atlas cluster's IP whitelist: https://www.mongodb.com/docs/atlas/security-whitelist/	GET	/comments	http://localhost:3000
20230816	12:25:00	8aef944f-d0ce-42d0-9f5b-f79a704fd6af	MongooseServerSelectionError: Could not connect to any servers in your MongoDB Atlas cluster. One common reason is that you're trying to access the database from an IP that isn't whitelisted. Make sure your current IP address is on your Atlas cluster's IP whitelist: https://www.mongodb.com/docs/atlas/security-whitelist/	GET	/events	http://localhost:3000
20230816	12:26:07	44c83871-1290-43fd-8897-671f498c6b08	MongooseServerSelectionError: Could not connect to any servers in your MongoDB Atlas cluster. One common reason is that you're trying to access the database from an IP that isn't whitelisted. Make sure your current IP address is on your Atlas cluster's IP whitelist: https://www.mongodb.com/docs/atlas/security-whitelist/	GET	/events	http://localhost:3000
20230816	12:26:07	ba21fddf-29b1-43ea-ba34-d7e8d94541bf	MongooseServerSelectionError: Could not connect to any servers in your MongoDB Atlas cluster. One common reason is that you're trying to access the database from an IP that isn't whitelisted. Make sure your current IP address is on your Atlas cluster's IP whitelist: https://www.mongodb.com/docs/atlas/security-whitelist/	GET	/users	http://localhost:3000
20230816	12:26:07	ec9127ab-4f7f-45c3-af40-14a88c580fcb	MongooseServerSelectionError: Could not connect to any servers in your MongoDB Atlas cluster. One common reason is that you're trying to access the database from an IP that isn't whitelisted. Make sure your current IP address is on your Atlas cluster's IP whitelist: https://www.mongodb.com/docs/atlas/security-whitelist/	GET	/comments	http://localhost:3000
20230816	19:15:08	0f96fc08-2832-41f7-801c-01da5c68a096	Error: secretOrPrivateKey must have a value	POST	/auth	http://localhost:3000
20230816	19:20:04	50065d43-ed57-49e6-9021-ae6a7ac8284d	Error: secretOrPrivateKey must have a value	POST	/auth	http://localhost:3000
20230816	19:32:12	32c5def4-6b36-4e35-b7d2-0d25c0146a8d	Error: secretOrPrivateKey must have a value	POST	/auth	http://localhost:3000
20230816	19:36:56	87586fab-e157-4a4c-b22f-fcb25882b0f6	Error: secretOrPrivateKey must have a value	POST	/auth	http://localhost:3000
20230816	23:19:18	ff79ec34-a780-4196-b312-cbd5fed690e5	PayloadTooLargeError: request entity too large	POST	/users	undefined
20230817	09:48:00	7b7da0b2-816e-4f24-b5b4-13e9edceb71e	MongooseServerSelectionError: Could not connect to any servers in your MongoDB Atlas cluster. One common reason is that you're trying to access the database from an IP that isn't whitelisted. Make sure your current IP address is on your Atlas cluster's IP whitelist: https://www.mongodb.com/docs/atlas/security-whitelist/	GET	/events	http://localhost:3000
20230817	09:51:47	cacde251-6acf-4b8a-86b5-10166d6bb16b	MongooseServerSelectionError: Could not connect to any servers in your MongoDB Atlas cluster. One common reason is that you're trying to access the database from an IP that isn't whitelisted. Make sure your current IP address is on your Atlas cluster's IP whitelist: https://www.mongodb.com/docs/atlas/security-whitelist/	GET	/events	http://localhost:3000
20230817	18:04:45	426523ec-8578-4398-ba39-e4cd6d58b62b	SyntaxError: Unexpected token } in JSON at position 265	PATCH	/users	undefined
20230817	18:11:20	e7f60696-82ad-4e4c-a5b9-611788f3cf0e	ReferenceError: updatedUser is not defined	PATCH	/users	http://localhost:3000
20230817	21:00:00	6a38fa7c-de39-449f-8856-dae639f40028	SyntaxError: Unexpected token / in JSON at position 0	PATCH	/users	undefined
20230817	21:00:06	48ee6d48-2529-411b-b1d5-2f5501be754e	SyntaxError: Unexpected token / in JSON at position 0	PATCH	/users	undefined
20230817	21:00:14	c2898011-a7d7-403e-b44d-44bc439ac948	SyntaxError: Unexpected token / in JSON at position 0	PATCH	/users	undefined
20230817	21:31:54	d3dd29ce-9ae4-4e5b-b9c7-970e75f92c35	ReferenceError: Cannot access 'event' before initialization	POST	/events	http://localhost:3000
20230817	21:32:56	519fec4d-075b-41e4-a353-90cf6ad773d8	ReferenceError: id is not defined	POST	/events	http://localhost:3000
20230817	21:36:25	bfbf212e-1507-4622-ae1c-b74c2d094e50	ReferenceError: path is not defined	POST	/events	http://localhost:3000
20230818	20:46:49	3a4963fc-bd09-4e0d-9a52-884e140106c2	ValidationError: User validation failed: friends.0: Cast to [ObjectId] failed for value "[ '', '64dbce26280b50e5df66775c' ]" (type string) at path "friends.0" because of "CastError", likedEvents.0: Cast to [ObjectId] failed for value "[ '' ]" (type string) at path "likedEvents.0" because of "CastError"	PATCH	/users	http://localhost:3000
20230818	20:47:31	e2063918-f242-42f2-9de1-2e3d9e4aff0f	ValidationError: User validation failed: friends.0: Cast to [ObjectId] failed for value "[ '', '64dbce26280b50e5df66775c' ]" (type string) at path "friends.0" because of "CastError", likedEvents.0: Cast to [ObjectId] failed for value "[ '' ]" (type string) at path "likedEvents.0" because of "CastError"	PATCH	/users	http://localhost:3000
20230818	20:48:04	ebb25347-2f3b-4427-9543-88853f99c46e	ValidationError: User validation failed: likedEvents.0: Cast to [ObjectId] failed for value "[ '' ]" (type string) at path "likedEvents.0" because of "CastError"	PATCH	/users	http://localhost:3000
20230818	21:15:33	8a74ab64-5383-4cdf-9a9c-74048d4665e7	SyntaxError: Unexpected string in JSON at position 305	PATCH	/users	undefined
20230818	21:15:45	94a670fc-20da-4abb-8b4b-9ae583cbd6b0	SyntaxError: Unexpected token [ in JSON at position 360	PATCH	/users	undefined
20230818	21:26:44	d13b307a-efce-48d1-bbff-e795db64c176	SyntaxError: Unexpected string in JSON at position 305	POST	/users	undefined
20230818	21:26:55	2769d39a-dbcc-4461-b0de-01f907ec5032	SyntaxError: Unexpected string in JSON at position 305	PATCH	/users	undefined
20230818	21:27:01	64bf1f0b-e874-4ffb-adb5-341483d46fca	SyntaxError: Unexpected token } in JSON at position 364	PATCH	/users	undefined
