20230814	17:09:03	96a41498-b05b-4ed8-a29b-703a3abf2cb5	GET	/	undefined
20230814	17:09:03	5a0727b3-1dac-4bbe-9d7f-c4825ce1f1b7	GET	/css/style.css	undefined
20230814	17:09:04	9318b893-719b-4a60-80fb-98854fbad9dd	GET	/favicon.ico	undefined
20230814	17:09:29	a881df48-7c15-46c3-9dd5-2f7908a95e61	GET	/	undefined
20230814	17:09:29	2ab3291b-c7d5-4d43-809c-6441bf549d3d	GET	/css/style.css	undefined
20230814	18:35:21	595b9177-9e2f-43aa-92d8-441606cec62b	GET	/	undefined
20230814	18:35:28	6175f11c-281c-4330-b004-eabe2a5cee76	GET	/users	undefined
20230814	18:45:06	a277de59-e119-4a61-8bc3-c9ac9a58a9be	GET	/users	undefined
20230814	18:45:14	95dfab7d-d689-4e86-8ba6-96befecb6018	POST	/users	undefined
20230814	18:46:29	0db6a22d-aa06-4e10-a637-0f18d8a3faca	POST	/users	undefined
20230814	18:48:51	e70c6502-0fa9-443c-84a4-19f2c5d769da	POST	/users	undefined
20230814	18:50:16	b898df47-d1af-43f3-b24a-74e73e2157fa	POST	/users	undefined
20230814	18:50:31	bb614337-8658-42b6-83a3-f2fc5e09f3dd	POST	/users	undefined
20230814	18:55:51	0f7200e8-e180-4407-ad25-dc41bbdd9d99	POST	/users	undefined
20230814	18:57:50	3321471d-a228-4b50-bd33-5effa7b11711	POST	/users	undefined
20230814	18:58:10	f75b9f09-7674-430a-835d-7af8b335688c	POST	/users	undefined
20230814	18:59:34	1a004240-14b4-4ded-962d-1251b9421aea	GET	/	undefined
20230814	18:59:35	f83f7227-feab-48ff-bd6f-019e3ab58aa1	GET	/favicon.ico	undefined
20230814	18:59:45	63fadd88-6163-462e-8411-2b33b6ee48fe	GET	/	undefined
20230814	18:59:45	9c66cbc3-b371-4472-9f8f-feb826205a48	GET	/favicon.ico	undefined
20230814	18:59:59	e405f08a-a88a-4d28-9a1e-79434b49c036	POST	/users	undefined
20230814	19:00:13	f53fc3fd-068a-4fbf-ba09-b130e5489da0	POST	/users	undefined
20230814	19:04:39	ccf915fa-5594-4a45-af0c-a8fee808bb2a	POST	/users	undefined
20230814	19:08:34	9ebd249f-e246-4a90-8608-93e2eb47ab85	POST	/users	undefined
20230814	19:09:02	65e0efbd-13ba-4bcb-b6d1-78c7eb6d81fc	POST	/users	undefined
20230814	19:14:40	7e337d56-2036-4220-bc9e-01b1e5e20010	GET	/event	undefined
20230814	19:15:14	0a417a56-71df-4401-a7b3-db7d34edc810	GET	/user	undefined
20230814	19:15:20	72c4f5fc-4bda-4b07-9b7f-9d5ebd9b2ebe	GET	/users	undefined
20230814	19:15:30	b4d19b9a-0c4e-419b-9e89-1b98bf64d0b1	POST	/events	undefined
20230814	19:15:47	cc043704-7211-4074-a309-21b0749f6218	POST	/events	undefined
20230814	19:18:30	bf7b9f22-d7ef-4e7e-9569-7aedc8cc4266	POST	/events	undefined
20230814	19:18:39	7ad4315b-0be0-4dbc-8cbb-a50e82b740af	GET	/events	undefined
20230814	19:20:47	eade39d2-cd83-451c-88bd-f412674184e0	GET	/comments	undefined
20230814	19:22:04	406865f2-c361-460c-8972-fa4ce008cb7c	POST	/comments	undefined
